This is pdfTeX, Version 3.1415926-1.40.10 (TeX Live 2009/Debian) (format=pdflatex 2011.11.2)  5 FEB 2012 20:56
entering extended mode
 %&-line parsing enabled.
**egpaper_final.tex
(./egpaper_final.tex
LaTeX2e <2009/09/24>
Babel <v3.8l> and hyphenation patterns for english, usenglishmax, dumylang, noh
yphenation, loaded.
(/usr/share/texmf-texlive/tex/latex/base/article.cls
Document Class: article 2007/10/19 v1.4h Standard LaTeX document class
(/usr/share/texmf-texlive/tex/latex/base/size10.clo
File: size10.clo 2007/10/19 v1.4h Standard LaTeX file (size option)
)
\c@part=\count79
\c@section=\count80
\c@subsection=\count81
\c@subsubsection=\count82
\c@paragraph=\count83
\c@subparagraph=\count84
\c@figure=\count85
\c@table=\count86
\abovecaptionskip=\skip41
\belowcaptionskip=\skip42
\bibindent=\dimen102
) (./cvpr.sty
(./eso-pic.sty
Package: eso-pic 2002/11/16 v1.1b eso-pic (RN)
 (./cvpr_eso.sty

LaTeX Warning: You have requested package `eso-pic',
               but the package provides `everyshi'.

Package: everyshi 2001/05/15 v3.00 EveryShipout Package (MS)
) (/usr/share/texmf-texlive/tex/latex/graphics/keyval.sty
Package: keyval 1999/03/16 v1.13 key=value parser (DPC)
\KV@toks@=\toks14
))
(/usr/share/texmf-texlive/tex/latex/tools/xspace.sty
Package: xspace 2006/05/08 v1.12 Space after command names (DPC,MH)
)
CVPR 8.5 x 11-Inch Proceedings Style `cvpr.sty'.
\@ctmp=\skip43
\@figindent=\skip44
\cvprrulerbox=\box26
\cvprrulercount=\count87
\cvprruleroffset=\dimen103
\cv@lineheight=\dimen104
\cv@boxheight=\dimen105
\cv@tmpbox=\box27
\cv@refno=\count88
\cv@tot=\count89
\cv@tmpc@=\count90
\cv@tmpc=\count91
) (/usr/share/texmf-texlive/tex/latex/psnfss/times.sty
Package: times 2005/04/12 PSNFSS-v9.2a (SPQR) 
)
(/usr/share/texmf-texlive/tex/latex/graphics/epsfig.sty
Package: epsfig 1999/02/16 v1.7a (e)psfig emulation (SPQR)

(/usr/share/texmf-texlive/tex/latex/graphics/graphicx.sty
Package: graphicx 1999/02/16 v1.0f Enhanced LaTeX Graphics (DPC,SPQR)

(/usr/share/texmf-texlive/tex/latex/graphics/graphics.sty
Package: graphics 2009/02/05 v1.0o Standard LaTeX Graphics (DPC,SPQR)

(/usr/share/texmf-texlive/tex/latex/graphics/trig.sty
Package: trig 1999/03/16 v1.09 sin cos tan (DPC)
)
(/etc/texmf/tex/latex/config/graphics.cfg
File: graphics.cfg 2009/08/28 v1.8 graphics configuration of TeX Live
)
Package graphics Info: Driver file: pdftex.def on input line 91.

(/usr/share/texmf-texlive/tex/latex/pdftex-def/pdftex.def
File: pdftex.def 2010/03/12 v0.04p Graphics/color for pdfTeX
\Gread@gobject=\count92
))
\Gin@req@height=\dimen106
\Gin@req@width=\dimen107
)
\epsfxsize=\dimen108
\epsfysize=\dimen109
)
(/usr/share/texmf-texlive/tex/latex/amsmath/amsmath.sty
Package: amsmath 2000/07/18 v2.13 AMS math features
\@mathmargin=\skip45

For additional information on amsmath, use the `?' option.
(/usr/share/texmf-texlive/tex/latex/amsmath/amstext.sty
Package: amstext 2000/06/29 v2.01

(/usr/share/texmf-texlive/tex/latex/amsmath/amsgen.sty
File: amsgen.sty 1999/11/30 v2.0
\@emptytoks=\toks15
\ex@=\dimen110
))
(/usr/share/texmf-texlive/tex/latex/amsmath/amsbsy.sty
Package: amsbsy 1999/11/29 v1.2d
\pmbraise@=\dimen111
)
(/usr/share/texmf-texlive/tex/latex/amsmath/amsopn.sty
Package: amsopn 1999/12/14 v2.01 operator names
)
\inf@bad=\count93
LaTeX Info: Redefining \frac on input line 211.
\uproot@=\count94
\leftroot@=\count95
LaTeX Info: Redefining \overline on input line 307.
\classnum@=\count96
\DOTSCASE@=\count97
LaTeX Info: Redefining \ldots on input line 379.
LaTeX Info: Redefining \dots on input line 382.
LaTeX Info: Redefining \cdots on input line 467.
\Mathstrutbox@=\box28
\strutbox@=\box29
\big@size=\dimen112
LaTeX Font Info:    Redeclaring font encoding OML on input line 567.
LaTeX Font Info:    Redeclaring font encoding OMS on input line 568.
\macc@depth=\count98
\c@MaxMatrixCols=\count99
\dotsspace@=\muskip10
\c@parentequation=\count100
\dspbrk@lvl=\count101
\tag@help=\toks16
\row@=\count102
\column@=\count103
\maxfields@=\count104
\andhelp@=\toks17
\eqnshift@=\dimen113
\alignsep@=\dimen114
\tagshift@=\dimen115
\tagwidth@=\dimen116
\totwidth@=\dimen117
\lineht@=\dimen118
\@envbody=\toks18
\multlinegap=\skip46
\multlinetaggap=\skip47
\mathdisplay@stack=\toks19
LaTeX Info: Redefining \[ on input line 2666.
LaTeX Info: Redefining \] on input line 2667.
)
(/usr/share/texmf-texlive/tex/latex/amsfonts/amssymb.sty
Package: amssymb 2009/06/22 v3.00

(/usr/share/texmf-texlive/tex/latex/amsfonts/amsfonts.sty
Package: amsfonts 2009/06/22 v3.00 Basic AMSFonts support
\symAMSa=\mathgroup4
\symAMSb=\mathgroup5
LaTeX Font Info:    Overwriting math alphabet `\mathfrak' in version `bold'
(Font)                  U/euf/m/n --> U/euf/b/n on input line 96.
))
(./egpaper_final.aux)
\openout1 = `egpaper_final.aux'.

LaTeX Font Info:    Checking defaults for OML/cmm/m/it on input line 24.
LaTeX Font Info:    ... okay on input line 24.
LaTeX Font Info:    Checking defaults for T1/cmr/m/n on input line 24.
LaTeX Font Info:    ... okay on input line 24.
LaTeX Font Info:    Checking defaults for OT1/cmr/m/n on input line 24.
LaTeX Font Info:    ... okay on input line 24.
LaTeX Font Info:    Checking defaults for OMS/cmsy/m/n on input line 24.
LaTeX Font Info:    ... okay on input line 24.
LaTeX Font Info:    Checking defaults for OMX/cmex/m/n on input line 24.
LaTeX Font Info:    ... okay on input line 24.
LaTeX Font Info:    Checking defaults for U/cmr/m/n on input line 24.
LaTeX Font Info:    ... okay on input line 24.
LaTeX Font Info:    Try loading font information for OT1+ptm on input line 24.
 (/usr/share/texmf-texlive/tex/latex/psnfss/ot1ptm.fd
File: ot1ptm.fd 2001/06/04 font definitions for OT1/ptm.
)
ABD: EveryShipout initializing macros
(/usr/share/texmf-texlive/tex/latex/graphics/color.sty
Package: color 2005/11/14 v1.0j Standard LaTeX Color (DPC)

(/etc/texmf/tex/latex/config/color.cfg
File: color.cfg 2007/01/18 v1.5 color configuration of teTeX/TeXLive
)
Package color Info: Driver file: pdftex.def on input line 130.
)
(/usr/share/texmf-texlive/tex/context/base/supp-pdf.mkii
[Loading MPS to PDF converter (version 2006.09.02).]
\scratchcounter=\count105
\scratchdimen=\dimen119
\scratchbox=\box30
\nofMPsegments=\count106
\nofMParguments=\count107
\everyMPshowfont=\toks20
\MPscratchCnt=\count108
\MPscratchDim=\dimen120
\MPnumerator=\count109
\everyMPtoPDFconversion=\toks21
)
LaTeX Font Info:    Font shape `OT1/ptm/bx/n' in size <14.4> not available
(Font)              Font shape `OT1/ptm/b/n' tried instead on input line 45.
LaTeX Font Info:    Try loading font information for U+msa on input line 45.
 (/usr/share/texmf-texlive/tex/latex/amsfonts/umsa.fd
File: umsa.fd 2009/06/22 v3.00 AMS symbols A
)
LaTeX Font Info:    Try loading font information for U+msb on input line 45.

(/usr/share/texmf-texlive/tex/latex/amsfonts/umsb.fd
File: umsb.fd 2009/06/22 v3.00 AMS symbols B
)
LaTeX Font Info:    Try loading font information for OT1+pcr on input line 45.

(/usr/share/texmf-texlive/tex/latex/psnfss/ot1pcr.fd
File: ot1pcr.fd 2001/06/04 font definitions for OT1/pcr.
)
LaTeX Font Info:    Font shape `OT1/ptm/bx/n' in size <12> not available
(Font)              Font shape `OT1/ptm/b/n' tried instead on input line 49.
Missing character: There is no â in font ptmr7t!
Missing character: There is no € in font ptmr7t!
Missing character: There is no ™ in font ptmr7t!
Missing character: There is no â in font ptmr7t!
Missing character: There is no € in font ptmr7t!
Missing character: There is no ™ in font ptmr7t!
Missing character: There is no â in font ptmr7t!
Missing character: There is no € in font ptmr7t!
Missing character: There is no ™ in font ptmr7t!
LaTeX Font Info:    Font shape `OT1/ptm/bx/n' in size <10> not available
(Font)              Font shape `OT1/ptm/b/n' tried instead on input line 75.
 [1{/var/lib/texmf/fonts/map/pdftex/updmap/pdftex.map}


]

LaTeX Warning: Citation `Authors11' on page 2 undefined on input line 183.


LaTeX Warning: Citation `Authors11b' on page 2 undefined on input line 195.

[2]

LaTeX Warning: Citation `Alpher02' on page 3 undefined on input line 267.


LaTeX Warning: Citation `Alpher03' on page 3 undefined on input line 268.


LaTeX Warning: Citation `Alpher04' on page 3 undefined on input line 268.


LaTeX Warning: Citation `Alpher03' on page 3 undefined on input line 270.


LaTeX Warning: Citation `Alpher03' on page 3 undefined on input line 271.


LaTeX Warning: Citation `Alpher03' on page 3 undefined on input line 276.


LaTeX Warning: Citation `Alpher02' on page 3 undefined on input line 276.


LaTeX Warning: Citation `Authors06' on page 3 undefined on input line 276.


LaTeX Warning: Citation `Alpher02' on page 3 undefined on input line 277.


LaTeX Warning: Citation `Alpher03' on page 3 undefined on input line 277.


LaTeX Warning: Citation `Authors06' on page 3 undefined on input line 277.

[3]
Overfull \hbox (4.21208pt too wide) in paragraph at lines 369--414
[][] 
 []


LaTeX Warning: Citation `Authors06' on page 4 undefined on input line 494.


Underfull \vbox (badness 5652) has occurred while \output is active []

 [4]
(./egpaper_final.bbl) [5

] [6] (./egpaper_final.aux)

LaTeX Warning: There were undefined references.

 ) 
Here is how much of TeX's memory you used:
 2173 strings out of 495061
 26125 string characters out of 1182621
 139749 words of memory out of 3000000
 5307 multiletter control sequences out of 15000+50000
 33404 words of font info for 80 fonts, out of 3000000 for 9000
 28 hyphenation exceptions out of 8191
 32i,9n,24p,794b,314s stack positions out of 5000i,500n,10000p,200000b,50000s
{/usr/share/texmf-texlive/fonts/enc/dvips/base/8r.enc}</usr/share/texmf-texli
ve/fonts/type1/public/amsfonts/cm/cmmi10.pfb></usr/share/texmf-texlive/fonts/ty
pe1/public/amsfonts/cm/cmmi7.pfb></usr/share/texmf-texlive/fonts/type1/public/a
msfonts/cm/cmmi9.pfb></usr/share/texmf-texlive/fonts/type1/public/amsfonts/cm/c
mr10.pfb></usr/share/texmf-texlive/fonts/type1/public/amsfonts/cm/cmr7.pfb></us
r/share/texmf-texlive/fonts/type1/public/amsfonts/cm/cmr9.pfb></usr/share/texmf
-texlive/fonts/type1/public/amsfonts/cm/cmsy10.pfb></usr/share/texmf-texlive/fo
nts/type1/public/amsfonts/cm/cmti10.pfb></usr/share/texmf-texlive/fonts/type1/u
rw/courier/ucrr8a.pfb></usr/share/texmf-texlive/fonts/type1/urw/times/utmb8a.pf
b></usr/share/texmf-texlive/fonts/type1/urw/times/utmr8a.pfb></usr/share/texmf-
texlive/fonts/type1/urw/times/utmri8a.pfb>
Output written on egpaper_final.pdf (6 pages, 162017 bytes).
PDF statistics:
 70 PDF objects out of 1000 (max. 8388607)
 0 named destinations out of 1000 (max. 500000)
 1 words of extra memory for PDF output out of 10000 (max. 10000000)

